1609856673650	mozrunner::runner	INFO	Running command: "/usr/bin/firefox" "-marionette" "-foreground" "-no-remote" "-profile" "/tmp/rust_mozprofile.XlZ4io0sj05B"
console.warn: SearchSettings: "get: No settings file exists, new profile?" (new Error("", "(unknown module)"))
1609856681742	Marionette	INFO	Listening on port 41639
1609856681816	Marionette	WARN	TLS certificate errors will be ignored for this session
1609856732689	mozrunner::runner	INFO	Running command: "/usr/bin/firefox" "-marionette" "-foreground" "-no-remote" "-profile" "/tmp/rust_mozprofile.FNIPHPXSySbI"
console.warn: SearchSettings: "get: No settings file exists, new profile?" (new Error("", "(unknown module)"))
1609856738019	Marionette	INFO	Listening on port 46443
1609856738146	Marionette	WARN	TLS certificate errors will be ignored for this session
1609856746544	Marionette	INFO	Stopped listening on port 46443
JavaScript error: resource://activity-stream/lib/ASRouter.jsm, line 987: NS_ERROR_ILLEGAL_VALUE: Component returned failure code: 0x80070057 (NS_ERROR_ILLEGAL_VALUE) [nsIObserverService.removeObserver]
JavaScript error: resource://gre/modules/Sqlite.jsm, line 1031: Error: Sqlite.jsm has been shutdown. Cannot open connection to: /tmp/rust_mozprofile.FNIPHPXSySbI/protections.sqlite
1609857193570	Marionette	INFO	Stopped listening on port 41639

###!!! [Parent][RunMessage] Error: Channel closing: too late to send/recv, messages will be lost

1609857488817	mozrunner::runner	INFO	Running command: "/usr/bin/firefox" "-marionette" "-foreground" "-no-remote" "-profile" "/tmp/rust_mozprofile.cIAiyGUb2GJt"
console.warn: SearchSettings: "get: No settings file exists, new profile?" (new Error("", "(unknown module)"))
1609857494210	Marionette	INFO	Listening on port 35317
1609857494285	Marionette	WARN	TLS certificate errors will be ignored for this session
1609857569425	mozrunner::runner	INFO	Running command: "/usr/bin/firefox" "-marionette" "-foreground" "-no-remote" "-profile" "/tmp/rust_mozprofile.o6F8bKhGmNwG"
console.warn: SearchSettings: "get: No settings file exists, new profile?" (new Error("", "(unknown module)"))
1609857574867	Marionette	INFO	Listening on port 38067
1609857575049	Marionette	WARN	TLS certificate errors will be ignored for this session
1609857580694	Marionette	INFO	Stopped listening on port 38067
JavaScript error: resource://activity-stream/lib/ASRouter.jsm, line 987: NS_ERROR_ILLEGAL_VALUE: Component returned failure code: 0x80070057 (NS_ERROR_ILLEGAL_VALUE) [nsIObserverService.removeObserver]

###!!! [Child][RunMessage] Error: Channel closing: too late to send/recv, messages will be lost

1609857985963	Marionette	INFO	Stopped listening on port 35317

###!!! [Parent][RunMessage] Error: Channel closing: too late to send/recv, messages will be lost

1609943232059	mozrunner::runner	INFO	Running command: "/usr/bin/firefox" "-marionette" "-foreground" "-no-remote" "-profile" "/tmp/rust_mozprofile.wi3BJ9XjCns2"
console.warn: SearchSettings: "get: No settings file exists, new profile?" (new Error("", "(unknown module)"))
1609943238628	Marionette	INFO	Listening on port 38807
1609943238712	Marionette	WARN	TLS certificate errors will be ignored for this session
1609943344126	mozrunner::runner	INFO	Running command: "/usr/bin/firefox" "-marionette" "-foreground" "-no-remote" "-profile" "/tmp/rust_mozprofile.tcQo03MLAWo2"
console.warn: SearchSettings: "get: No settings file exists, new profile?" (new Error("", "(unknown module)"))
1609943349551	Marionette	INFO	Listening on port 44627
1609943349674	Marionette	WARN	TLS certificate errors will be ignored for this session
1609943668681	mozrunner::runner	INFO	Running command: "/usr/bin/firefox" "-marionette" "-foreground" "-no-remote" "-profile" "/tmp/rust_mozprofile.A974smzEkL8O"
console.warn: SearchSettings: "get: No settings file exists, new profile?" (new Error("", "(unknown module)"))
1609943674325	Marionette	INFO	Listening on port 38159
1609943674433	Marionette	WARN	TLS certificate errors will be ignored for this session
JavaScript error: resource://activity-stream/lib/ASRouter.jsm, line 987: NS_ERROR_ILLEGAL_VALUE: Component returned failure code: 0x80070057 (NS_ERROR_ILLEGAL_VALUE) [nsIObserverService.removeObserver]
1609943721960	Marionette	INFO	Stopped listening on port 38807
IPDL protocol error: Handler returned error code!

###!!! [Parent][DispatchAsyncMessage] Error: PLayerTransaction::Msg_ReleaseLayer Processing error: message was deserialized, but the handler returned false (indicating failure)

IPDL protocol error: Handler returned error code!

###!!! [Parent][DispatchAsyncMessage] Error: PLayerTransaction::Msg_ReleaseLayer Processing error: message was deserialized, but the handler returned false (indicating failure)

1609943723849	Marionette	INFO	Stopped listening on port 44627
1609943796908	mozrunner::runner	INFO	Running command: "/usr/bin/firefox" "-marionette" "-foreground" "-no-remote" "-profile" "/tmp/rust_mozprofile.PLMXuy4awg3d"
console.warn: SearchSettings: "get: No settings file exists, new profile?" (new Error("", "(unknown module)"))
1609943802880	Marionette	INFO	Listening on port 37237
1609943803048	Marionette	WARN	TLS certificate errors will be ignored for this session
1609943989272	mozrunner::runner	INFO	Running command: "/usr/bin/firefox" "-marionette" "-foreground" "-no-remote" "-profile" "/tmp/rust_mozprofile.UVtEJ8gqP0hF"
console.warn: SearchSettings: "get: No settings file exists, new profile?" (new Error("", "(unknown module)"))
1609943995760	Marionette	INFO	Listening on port 42721
1609943995832	Marionette	WARN	TLS certificate errors will be ignored for this session
1609944183882	mozrunner::runner	INFO	Running command: "/usr/bin/firefox" "-marionette" "-foreground" "-no-remote" "-profile" "/tmp/rust_mozprofile.NBj709RwqmuN"
console.warn: SearchSettings: "get: No settings file exists, new profile?" (new Error("", "(unknown module)"))
1609944190210	Marionette	INFO	Listening on port 38515
1609944190337	Marionette	WARN	TLS certificate errors will be ignored for this session
1609944288598	mozrunner::runner	INFO	Running command: "/usr/bin/firefox" "-marionette" "-foreground" "-no-remote" "-profile" "/tmp/rust_mozprofile.siMxq1qWJyhI"
console.warn: SearchSettings: "get: No settings file exists, new profile?" (new Error("", "(unknown module)"))
1609944294806	Marionette	INFO	Listening on port 35045
1609944294864	Marionette	WARN	TLS certificate errors will be ignored for this session
1609944444928	mozrunner::runner	INFO	Running command: "/usr/bin/firefox" "-marionette" "-foreground" "-no-remote" "-profile" "/tmp/rust_mozprofile.LMTAemIRdcVd"
console.warn: SearchSettings: "get: No settings file exists, new profile?" (new Error("", "(unknown module)"))
1609944450667	Marionette	INFO	Listening on port 44693
1609944450792	Marionette	WARN	TLS certificate errors will be ignored for this session
JavaScript error: resource://activity-stream/lib/ASRouter.jsm, line 987: NS_ERROR_ILLEGAL_VALUE: Component returned failure code: 0x80070057 (NS_ERROR_ILLEGAL_VALUE) [nsIObserverService.removeObserver]
JavaScript error: resource://activity-stream/lib/ASRouter.jsm, line 987: NS_ERROR_ILLEGAL_VALUE: Component returned failure code: 0x80070057 (NS_ERROR_ILLEGAL_VALUE) [nsIObserverService.removeObserver]
JavaScript error: resource://activity-stream/lib/ASRouter.jsm, line 987: NS_ERROR_ILLEGAL_VALUE: Component returned failure code: 0x80070057 (NS_ERROR_ILLEGAL_VALUE) [nsIObserverService.removeObserver]
1609944704324	Marionette	INFO	Stopped listening on port 38159
JavaScript error: resource://activity-stream/lib/ASRouter.jsm, line 987: NS_ERROR_ILLEGAL_VALUE: Component returned failure code: 0x80070057 (NS_ERROR_ILLEGAL_VALUE) [nsIObserverService.removeObserver]
1609944705249	Marionette	INFO	Stopped listening on port 37237
1609944705638	Marionette	INFO	Stopped listening on port 42721
JavaScript error: resource://activity-stream/lib/ASRouter.jsm, line 987: NS_ERROR_ILLEGAL_VALUE: Component returned failure code: 0x80070057 (NS_ERROR_ILLEGAL_VALUE) [nsIObserverService.removeObserver]
1609944706996	Marionette	INFO	Stopped listening on port 38515
1609944708913	Marionette	INFO	Stopped listening on port 35045

###!!! [Parent][RunMessage] Error: Channel closing: too late to send/recv, messages will be lost

1609944709463	Marionette	INFO	Stopped listening on port 44693
1609945209941	mozrunner::runner	INFO	Running command: "/usr/bin/firefox" "-marionette" "-foreground" "-no-remote" "-profile" "/tmp/rust_mozprofile.VbDGwbFpoQcL"
console.warn: SearchSettings: "get: No settings file exists, new profile?" (new Error("", "(unknown module)"))
1609945216415	Marionette	INFO	Listening on port 34965
1609945216496	Marionette	WARN	TLS certificate errors will be ignored for this session
JavaScript error: resource://activity-stream/lib/ASRouter.jsm, line 987: NS_ERROR_ILLEGAL_VALUE: Component returned failure code: 0x80070057 (NS_ERROR_ILLEGAL_VALUE) [nsIObserverService.removeObserver]
1609969185244	Marionette	INFO	Stopped listening on port 34965

###!!! [Parent][RunMessage] Error: Channel closing: too late to send/recv, messages will be lost

